{"C:\\Users\\Evgeniya_Marchenkova\\Desktop\\react-homework\\movies\\src\\store\\moviesSlice.ts": {"path":"C:\\Users\\Evgeniya_Marchenkova\\Desktop\\react-homework\\movies\\src\\store\\moviesSlice.ts","statementMap":{"0":{"start":{"line":10,"column":34},"end":{"line":12,"column":1}},"1":{"start":{"line":14,"column":27},"end":{"line":28,"column":2}},"2":{"start":{"line":22,"column":6},"end":{"line":22,"column":43}},"3":{"start":{"line":25,"column":6},"end":{"line":25,"column":33}},"4":{"start":{"line":30,"column":56},"end":{"line":30,"column":75}},"5":{"start":{"line":32,"column":35},"end":{"line":33,"column":28}},"6":{"start":{"line":33,"column":2},"end":{"line":33,"column":28}}},"fnMap":{"0":{"name":"(anonymous_0)","decl":{"start":{"line":18,"column":22},"end":{"line":18,"column":23}},"loc":{"start":{"line":21,"column":9},"end":{"line":23,"column":5}},"line":21},"1":{"name":"(anonymous_1)","decl":{"start":{"line":24,"column":24},"end":{"line":24,"column":25}},"loc":{"start":{"line":24,"column":48},"end":{"line":26,"column":5}},"line":24},"2":{"name":"(anonymous_2)","decl":{"start":{"line":32,"column":35},"end":{"line":32,"column":36}},"loc":{"start":{"line":33,"column":2},"end":{"line":33,"column":28}},"line":33}},"branchMap":{},"s":{"0":1,"1":1,"2":1,"3":0,"4":1,"5":1,"6":0},"f":{"0":1,"1":0,"2":0},"b":{},"_coverageSchema":"1a1c01bbd47fc00a2c39e90264f33305004495a9","hash":"f75e77f00dd33d818687bac5dd6c2c9889d6af21"}
}
