{"C:\\Users\\Evgeniya_Marchenkova\\Desktop\\react-homework\\movies\\src\\components\\AddMovie.tsx": {"path":"C:\\Users\\Evgeniya_Marchenkova\\Desktop\\react-homework\\movies\\src\\components\\AddMovie.tsx","statementMap":{"0":{"start":{"line":15,"column":30},"end":{"line":17,"column":1}},"1":{"start":{"line":19,"column":20},"end":{"line":22,"column":1}},"2":{"start":{"line":24,"column":28},"end":{"line":26,"column":1}},"3":{"start":{"line":28,"column":23},"end":{"line":178,"column":1}},"4":{"start":{"line":29,"column":24},"end":{"line":29,"column":59}},"5":{"start":{"line":31,"column":23},"end":{"line":41,"column":4}},"6":{"start":{"line":43,"column":24},"end":{"line":45,"column":3}},"7":{"start":{"line":44,"column":4},"end":{"line":44,"column":36}},"8":{"start":{"line":47,"column":21},"end":{"line":49,"column":3}},"9":{"start":{"line":48,"column":4},"end":{"line":48,"column":33}},"10":{"start":{"line":51,"column":2},"end":{"line":177,"column":4}},"11":{"start":{"line":79,"column":10},"end":{"line":83,"column":11}},"12":{"start":{"line":80,"column":12},"end":{"line":80,"column":34}},"13":{"start":{"line":82,"column":12},"end":{"line":82,"column":31}},"14":{"start":{"line":87,"column":10},"end":{"line":173,"column":17}},"15":{"start":{"line":159,"column":16},"end":{"line":167,"column":24}}},"fnMap":{"0":{"name":"(anonymous_0)","decl":{"start":{"line":28,"column":23},"end":{"line":28,"column":24}},"loc":{"start":{"line":28,"column":55},"end":{"line":178,"column":1}},"line":28},"1":{"name":"(anonymous_1)","decl":{"start":{"line":43,"column":24},"end":{"line":43,"column":25}},"loc":{"start":{"line":43,"column":45},"end":{"line":45,"column":3}},"line":43},"2":{"name":"(anonymous_2)","decl":{"start":{"line":47,"column":21},"end":{"line":47,"column":22}},"loc":{"start":{"line":47,"column":42},"end":{"line":49,"column":3}},"line":47},"3":{"name":"(anonymous_3)","decl":{"start":{"line":78,"column":18},"end":{"line":78,"column":19}},"loc":{"start":{"line":78,"column":30},"end":{"line":84,"column":9}},"line":78},"4":{"name":"(anonymous_4)","decl":{"start":{"line":86,"column":9},"end":{"line":86,"column":10}},"loc":{"start":{"line":87,"column":10},"end":{"line":173,"column":17}},"line":87},"5":{"name":"(anonymous_5)","decl":{"start":{"line":158,"column":26},"end":{"line":158,"column":27}},"loc":{"start":{"line":159,"column":16},"end":{"line":167,"column":24}},"line":159}},"branchMap":{"0":{"loc":{"start":{"line":53,"column":11},"end":{"line":53,"column":61}},"type":"cond-expr","locations":[{"start":{"line":53,"column":33},"end":{"line":53,"column":47}},{"start":{"line":53,"column":50},"end":{"line":53,"column":61}}],"line":53},"1":{"loc":{"start":{"line":57,"column":10},"end":{"line":75,"column":13}},"type":"cond-expr","locations":[{"start":{"line":58,"column":14},"end":{"line":66,"column":13}},{"start":{"line":67,"column":14},"end":{"line":75,"column":13}}],"line":57},"2":{"loc":{"start":{"line":79,"column":10},"end":{"line":83,"column":11}},"type":"if","locations":[{"start":{"line":79,"column":10},"end":{"line":83,"column":11}},{"start":{"line":81,"column":17},"end":{"line":83,"column":11}}],"line":79},"3":{"loc":{"start":{"line":91,"column":17},"end":{"line":93,"column":24}},"type":"cond-expr","locations":[{"start":{"line":92,"column":18},"end":{"line":92,"column":75}},{"start":{"line":93,"column":20},"end":{"line":93,"column":24}}],"line":91},"4":{"loc":{"start":{"line":91,"column":17},"end":{"line":91,"column":46}},"type":"binary-expr","locations":[{"start":{"line":91,"column":17},"end":{"line":91,"column":29}},{"start":{"line":91,"column":33},"end":{"line":91,"column":46}}],"line":91},"5":{"loc":{"start":{"line":101,"column":17},"end":{"line":105,"column":24}},"type":"cond-expr","locations":[{"start":{"line":102,"column":18},"end":{"line":104,"column":40}},{"start":{"line":105,"column":20},"end":{"line":105,"column":24}}],"line":101},"6":{"loc":{"start":{"line":101,"column":17},"end":{"line":101,"column":60}},"type":"binary-expr","locations":[{"start":{"line":101,"column":17},"end":{"line":101,"column":36}},{"start":{"line":101,"column":40},"end":{"line":101,"column":60}}],"line":101},"7":{"loc":{"start":{"line":113,"column":17},"end":{"line":117,"column":24}},"type":"cond-expr","locations":[{"start":{"line":114,"column":18},"end":{"line":116,"column":40}},{"start":{"line":117,"column":20},"end":{"line":117,"column":24}}],"line":113},"8":{"loc":{"start":{"line":113,"column":17},"end":{"line":113,"column":60}},"type":"binary-expr","locations":[{"start":{"line":113,"column":17},"end":{"line":113,"column":36}},{"start":{"line":113,"column":40},"end":{"line":113,"column":60}}],"line":113},"9":{"loc":{"start":{"line":125,"column":17},"end":{"line":129,"column":24}},"type":"cond-expr","locations":[{"start":{"line":126,"column":18},"end":{"line":128,"column":40}},{"start":{"line":129,"column":20},"end":{"line":129,"column":24}}],"line":125},"10":{"loc":{"start":{"line":125,"column":17},"end":{"line":125,"column":58}},"type":"binary-expr","locations":[{"start":{"line":125,"column":17},"end":{"line":125,"column":35}},{"start":{"line":125,"column":39},"end":{"line":125,"column":58}}],"line":125},"11":{"loc":{"start":{"line":137,"column":17},"end":{"line":139,"column":24}},"type":"cond-expr","locations":[{"start":{"line":138,"column":18},"end":{"line":138,"column":78}},{"start":{"line":139,"column":20},"end":{"line":139,"column":24}}],"line":137},"12":{"loc":{"start":{"line":137,"column":17},"end":{"line":137,"column":52}},"type":"binary-expr","locations":[{"start":{"line":137,"column":17},"end":{"line":137,"column":32}},{"start":{"line":137,"column":36},"end":{"line":137,"column":52}}],"line":137},"13":{"loc":{"start":{"line":147,"column":17},"end":{"line":149,"column":24}},"type":"cond-expr","locations":[{"start":{"line":148,"column":18},"end":{"line":148,"column":77}},{"start":{"line":149,"column":20},"end":{"line":149,"column":24}}],"line":147},"14":{"loc":{"start":{"line":147,"column":17},"end":{"line":147,"column":50}},"type":"binary-expr","locations":[{"start":{"line":147,"column":17},"end":{"line":147,"column":31}},{"start":{"line":147,"column":35},"end":{"line":147,"column":50}}],"line":147},"15":{"loc":{"start":{"line":154,"column":13},"end":{"line":156,"column":20}},"type":"cond-expr","locations":[{"start":{"line":155,"column":14},"end":{"line":155,"column":72}},{"start":{"line":156,"column":16},"end":{"line":156,"column":20}}],"line":154},"16":{"loc":{"start":{"line":154,"column":13},"end":{"line":154,"column":44}},"type":"binary-expr","locations":[{"start":{"line":154,"column":13},"end":{"line":154,"column":26}},{"start":{"line":154,"column":30},"end":{"line":154,"column":44}}],"line":154},"17":{"loc":{"start":{"line":171,"column":15},"end":{"line":171,"column":53}},"type":"cond-expr","locations":[{"start":{"line":171,"column":37},"end":{"line":171,"column":45}},{"start":{"line":171,"column":48},"end":{"line":171,"column":53}}],"line":171}},"s":{"0":1,"1":1,"2":1,"3":1,"4":0,"5":0,"6":0,"7":0,"8":0,"9":0,"10":0,"11":0,"12":0,"13":0,"14":0,"15":0},"f":{"0":0,"1":0,"2":0,"3":0,"4":0,"5":0},"b":{"0":[0,0],"1":[0,0],"2":[0,0],"3":[0,0],"4":[0,0],"5":[0,0],"6":[0,0],"7":[0,0],"8":[0,0],"9":[0,0],"10":[0,0],"11":[0,0],"12":[0,0],"13":[0,0],"14":[0,0],"15":[0,0],"16":[0,0],"17":[0,0]},"_coverageSchema":"1a1c01bbd47fc00a2c39e90264f33305004495a9","hash":"51f0ff6918d4d759133b7a1eaca0e35043e36192"}
,"C:\\Users\\Evgeniya_Marchenkova\\Desktop\\react-homework\\movies\\src\\components\\App.tsx": {"path":"C:\\Users\\Evgeniya_Marchenkova\\Desktop\\react-homework\\movies\\src\\components\\App.tsx","statementMap":{"0":{"start":{"line":15,"column":12},"end":{"line":121,"column":1}},"1":{"start":{"line":16,"column":24},"end":{"line":16,"column":59}},"2":{"start":{"line":17,"column":22},"end":{"line":17,"column":33}},"3":{"start":{"line":18,"column":19},"end":{"line":18,"column":32}},"4":{"start":{"line":20,"column":48},"end":{"line":20,"column":78}},"5":{"start":{"line":22,"column":42},"end":{"line":22,"column":61}},"6":{"start":{"line":23,"column":17},"end":{"line":23,"column":43}},"7":{"start":{"line":24,"column":24},"end":{"line":24,"column":59}},"8":{"start":{"line":25,"column":17},"end":{"line":25,"column":43}},"9":{"start":{"line":27,"column":22},"end":{"line":31,"column":12}},"10":{"start":{"line":33,"column":25},"end":{"line":47,"column":3}},"11":{"start":{"line":34,"column":17},"end":{"line":34,"column":26}},"12":{"start":{"line":35,"column":4},"end":{"line":39,"column":5}},"13":{"start":{"line":36,"column":6},"end":{"line":38,"column":7}},"14":{"start":{"line":37,"column":8},"end":{"line":37,"column":48}},"15":{"start":{"line":40,"column":4},"end":{"line":42,"column":5}},"16":{"start":{"line":41,"column":6},"end":{"line":41,"column":39}},"17":{"start":{"line":43,"column":4},"end":{"line":45,"column":5}},"18":{"start":{"line":44,"column":6},"end":{"line":44,"column":44}},"19":{"start":{"line":46,"column":4},"end":{"line":46,"column":18}},"20":{"start":{"line":49,"column":46},"end":{"line":51,"column":3}},"21":{"start":{"line":53,"column":20},"end":{"line":53,"column":67}},"22":{"start":{"line":55,"column":36},"end":{"line":60,"column":3}},"23":{"start":{"line":56,"column":4},"end":{"line":58,"column":5}},"24":{"start":{"line":57,"column":6},"end":{"line":57,"column":16}},"25":{"start":{"line":59,"column":4},"end":{"line":59,"column":45}},"26":{"start":{"line":62,"column":2},"end":{"line":120,"column":4}},"27":{"start":{"line":75,"column":12},"end":{"line":77,"column":14}},"28":{"start":{"line":84,"column":12},"end":{"line":84,"column":64}},"29":{"start":{"line":87,"column":12},"end":{"line":87,"column":56}},"30":{"start":{"line":102,"column":14},"end":{"line":102,"column":68}},"31":{"start":{"line":105,"column":14},"end":{"line":105,"column":70}},"32":{"start":{"line":108,"column":14},"end":{"line":108,"column":38}},"33":{"start":{"line":111,"column":14},"end":{"line":113,"column":17}}},"fnMap":{"0":{"name":"(anonymous_0)","decl":{"start":{"line":15,"column":12},"end":{"line":15,"column":13}},"loc":{"start":{"line":15,"column":18},"end":{"line":121,"column":1}},"line":15},"1":{"name":"(anonymous_1)","decl":{"start":{"line":33,"column":25},"end":{"line":33,"column":26}},"loc":{"start":{"line":33,"column":31},"end":{"line":47,"column":3}},"line":33},"2":{"name":"(anonymous_2)","decl":{"start":{"line":55,"column":36},"end":{"line":55,"column":37}},"loc":{"start":{"line":55,"column":64},"end":{"line":60,"column":3}},"line":55},"3":{"name":"(anonymous_3)","decl":{"start":{"line":74,"column":25},"end":{"line":74,"column":26}},"loc":{"start":{"line":75,"column":12},"end":{"line":77,"column":14}},"line":75},"4":{"name":"(anonymous_4)","decl":{"start":{"line":83,"column":31},"end":{"line":83,"column":32}},"loc":{"start":{"line":83,"column":46},"end":{"line":85,"column":11}},"line":83},"5":{"name":"(anonymous_5)","decl":{"start":{"line":86,"column":30},"end":{"line":86,"column":31}},"loc":{"start":{"line":87,"column":12},"end":{"line":87,"column":56}},"line":87},"6":{"name":"(anonymous_6)","decl":{"start":{"line":101,"column":26},"end":{"line":101,"column":27}},"loc":{"start":{"line":102,"column":14},"end":{"line":102,"column":68}},"line":102},"7":{"name":"(anonymous_7)","decl":{"start":{"line":104,"column":35},"end":{"line":104,"column":36}},"loc":{"start":{"line":104,"column":53},"end":{"line":106,"column":13}},"line":104},"8":{"name":"(anonymous_8)","decl":{"start":{"line":107,"column":29},"end":{"line":107,"column":30}},"loc":{"start":{"line":108,"column":14},"end":{"line":108,"column":38}},"line":108},"9":{"name":"(anonymous_9)","decl":{"start":{"line":110,"column":30},"end":{"line":110,"column":31}},"loc":{"start":{"line":110,"column":38},"end":{"line":114,"column":13}},"line":110}},"branchMap":{"0":{"loc":{"start":{"line":36,"column":6},"end":{"line":38,"column":7}},"type":"if","locations":[{"start":{"line":36,"column":6},"end":{"line":38,"column":7}},{"start":{},"end":{}}],"line":36},"1":{"loc":{"start":{"line":40,"column":4},"end":{"line":42,"column":5}},"type":"if","locations":[{"start":{"line":40,"column":4},"end":{"line":42,"column":5}},{"start":{},"end":{}}],"line":40},"2":{"loc":{"start":{"line":43,"column":4},"end":{"line":45,"column":5}},"type":"if","locations":[{"start":{"line":43,"column":4},"end":{"line":45,"column":5}},{"start":{},"end":{}}],"line":43},"3":{"loc":{"start":{"line":56,"column":4},"end":{"line":58,"column":5}},"type":"if","locations":[{"start":{"line":56,"column":4},"end":{"line":58,"column":5}},{"start":{},"end":{}}],"line":56},"4":{"loc":{"start":{"line":64,"column":7},"end":{"line":70,"column":7}},"type":"binary-expr","locations":[{"start":{"line":64,"column":7},"end":{"line":64,"column":47}},{"start":{"line":65,"column":8},"end":{"line":69,"column":10}}],"line":64},"5":{"loc":{"start":{"line":71,"column":7},"end":{"line":90,"column":7}},"type":"cond-expr","locations":[{"start":{"line":72,"column":8},"end":{"line":79,"column":10}},{"start":{"line":81,"column":8},"end":{"line":89,"column":10}}],"line":71},"6":{"loc":{"start":{"line":92,"column":9},"end":{"line":116,"column":16}},"type":"cond-expr","locations":[{"start":{"line":93,"column":10},"end":{"line":93,"column":40}},{"start":{"line":94,"column":12},"end":{"line":116,"column":16}}],"line":92},"7":{"loc":{"start":{"line":94,"column":12},"end":{"line":116,"column":16}},"type":"cond-expr","locations":[{"start":{"line":95,"column":10},"end":{"line":95,"column":25}},{"start":{"line":96,"column":12},"end":{"line":116,"column":16}}],"line":94},"8":{"loc":{"start":{"line":96,"column":12},"end":{"line":116,"column":16}},"type":"cond-expr","locations":[{"start":{"line":97,"column":10},"end":{"line":115,"column":12}},{"start":{"line":116,"column":12},"end":{"line":116,"column":16}}],"line":96}},"s":{"0":1,"1":4,"2":3,"3":3,"4":3,"5":3,"6":3,"7":3,"8":3,"9":3,"10":3,"11":3,"12":3,"13":9,"14":0,"15":3,"16":0,"17":3,"18":0,"19":3,"20":3,"21":3,"22":3,"23":0,"24":0,"25":0,"26":3,"27":0,"28":0,"29":0,"30":0,"31":0,"32":0,"33":0},"f":{"0":4,"1":3,"2":0,"3":0,"4":0,"5":0,"6":0,"7":0,"8":0,"9":0},"b":{"0":[0,9],"1":[0,3],"2":[0,3],"3":[0,0],"4":[3,0],"5":[0,3],"6":[1,2],"7":[2,0],"8":[0,0]},"_coverageSchema":"1a1c01bbd47fc00a2c39e90264f33305004495a9","hash":"483b2ba265678b1206a1d64e9bc2478dabb364c8"}
,"C:\\Users\\Evgeniya_Marchenkova\\Desktop\\react-homework\\movies\\src\\components\\DeleteMovie.tsx": {"path":"C:\\Users\\Evgeniya_Marchenkova\\Desktop\\react-homework\\movies\\src\\components\\DeleteMovie.tsx","statementMap":{"0":{"start":{"line":8,"column":27},"end":{"line":8,"column":39}},"1":{"start":{"line":10,"column":20},"end":{"line":18,"column":1}},"2":{"start":{"line":11,"column":2},"end":{"line":17,"column":4}}},"fnMap":{"0":{"name":"(anonymous_0)","decl":{"start":{"line":10,"column":20},"end":{"line":10,"column":21}},"loc":{"start":{"line":10,"column":49},"end":{"line":18,"column":1}},"line":10}},"branchMap":{},"s":{"0":1,"1":1,"2":0},"f":{"0":0},"b":{},"_coverageSchema":"1a1c01bbd47fc00a2c39e90264f33305004495a9","hash":"2ea2be88900d962acb9f5542a58e6393ba51fed5"}
,"C:\\Users\\Evgeniya_Marchenkova\\Desktop\\react-homework\\movies\\src\\components\\ErrorBoundary.tsx": {"path":"C:\\Users\\Evgeniya_Marchenkova\\Desktop\\react-homework\\movies\\src\\components\\ErrorBoundary.tsx","statementMap":{"0":{"start":{"line":16,"column":4},"end":{"line":16,"column":17}},"1":{"start":{"line":17,"column":4},"end":{"line":17,"column":37}},"2":{"start":{"line":21,"column":4},"end":{"line":21,"column":30}},"3":{"start":{"line":25,"column":4},"end":{"line":25,"column":23}},"4":{"start":{"line":29,"column":4},"end":{"line":31,"column":5}},"5":{"start":{"line":30,"column":6},"end":{"line":30,"column":57}},"6":{"start":{"line":33,"column":4},"end":{"line":33,"column":31}}},"fnMap":{"0":{"name":"(anonymous_0)","decl":{"start":{"line":15,"column":2},"end":{"line":15,"column":3}},"loc":{"start":{"line":15,"column":41},"end":{"line":18,"column":3}},"line":15},"1":{"name":"(anonymous_1)","decl":{"start":{"line":20,"column":2},"end":{"line":20,"column":3}},"loc":{"start":{"line":20,"column":56},"end":{"line":22,"column":3}},"line":20},"2":{"name":"(anonymous_2)","decl":{"start":{"line":24,"column":2},"end":{"line":24,"column":3}},"loc":{"start":{"line":24,"column":40},"end":{"line":26,"column":3}},"line":24},"3":{"name":"(anonymous_3)","decl":{"start":{"line":28,"column":2},"end":{"line":28,"column":3}},"loc":{"start":{"line":28,"column":22},"end":{"line":34,"column":3}},"line":28}},"branchMap":{"0":{"loc":{"start":{"line":29,"column":4},"end":{"line":31,"column":5}},"type":"if","locations":[{"start":{"line":29,"column":4},"end":{"line":31,"column":5}},{"start":{},"end":{}}],"line":29}},"s":{"0":1,"1":1,"2":0,"3":0,"4":3,"5":0,"6":3},"f":{"0":1,"1":0,"2":0,"3":3},"b":{"0":[0,3]},"_coverageSchema":"1a1c01bbd47fc00a2c39e90264f33305004495a9","hash":"0e7a77c5ec7db378ab84180ee0cc225d7b90d71d"}
,"C:\\Users\\Evgeniya_Marchenkova\\Desktop\\react-homework\\movies\\src\\components\\Footer.tsx": {"path":"C:\\Users\\Evgeniya_Marchenkova\\Desktop\\react-homework\\movies\\src\\components\\Footer.tsx","statementMap":{"0":{"start":{"line":4,"column":22},"end":{"line":29,"column":1}},"1":{"start":{"line":31,"column":15},"end":{"line":33,"column":1}},"2":{"start":{"line":32,"column":2},"end":{"line":32,"column":50}}},"fnMap":{"0":{"name":"(anonymous_0)","decl":{"start":{"line":31,"column":15},"end":{"line":31,"column":16}},"loc":{"start":{"line":31,"column":21},"end":{"line":33,"column":1}},"line":31}},"branchMap":{},"s":{"0":1,"1":1,"2":3},"f":{"0":3},"b":{},"_coverageSchema":"1a1c01bbd47fc00a2c39e90264f33305004495a9","hash":"8d5ce91aa236b16012805e1f1eeead832d7620c1"}
,"C:\\Users\\Evgeniya_Marchenkova\\Desktop\\react-homework\\movies\\src\\components\\HamburgerMenu.tsx": {"path":"C:\\Users\\Evgeniya_Marchenkova\\Desktop\\react-homework\\movies\\src\\components\\HamburgerMenu.tsx","statementMap":{"0":{"start":{"line":10,"column":29},"end":{"line":19,"column":1}},"1":{"start":{"line":21,"column":26},"end":{"line":28,"column":1}},"2":{"start":{"line":30,"column":23},"end":{"line":36,"column":1}},"3":{"start":{"line":38,"column":22},"end":{"line":68,"column":1}},"4":{"start":{"line":39,"column":42},"end":{"line":39,"column":57}},"5":{"start":{"line":41,"column":26},"end":{"line":44,"column":3}},"6":{"start":{"line":42,"column":4},"end":{"line":42,"column":24}},"7":{"start":{"line":43,"column":4},"end":{"line":43,"column":32}},"8":{"start":{"line":46,"column":2},"end":{"line":67,"column":4}},"9":{"start":{"line":49,"column":8},"end":{"line":49,"column":32}},"10":{"start":{"line":50,"column":8},"end":{"line":50,"column":39}},"11":{"start":{"line":58,"column":30},"end":{"line":58,"column":74}},"12":{"start":{"line":61,"column":30},"end":{"line":61,"column":72}}},"fnMap":{"0":{"name":"(anonymous_0)","decl":{"start":{"line":38,"column":22},"end":{"line":38,"column":23}},"loc":{"start":{"line":38,"column":53},"end":{"line":68,"column":1}},"line":38},"1":{"name":"(anonymous_1)","decl":{"start":{"line":41,"column":26},"end":{"line":41,"column":27}},"loc":{"start":{"line":41,"column":53},"end":{"line":44,"column":3}},"line":41},"2":{"name":"(anonymous_2)","decl":{"start":{"line":48,"column":15},"end":{"line":48,"column":16}},"loc":{"start":{"line":48,"column":60},"end":{"line":51,"column":7}},"line":48},"3":{"name":"(anonymous_3)","decl":{"start":{"line":58,"column":24},"end":{"line":58,"column":25}},"loc":{"start":{"line":58,"column":30},"end":{"line":58,"column":74}},"line":58},"4":{"name":"(anonymous_4)","decl":{"start":{"line":61,"column":24},"end":{"line":61,"column":25}},"loc":{"start":{"line":61,"column":30},"end":{"line":61,"column":72}},"line":61}},"branchMap":{"0":{"loc":{"start":{"line":56,"column":7},"end":{"line":65,"column":7}},"type":"binary-expr","locations":[{"start":{"line":56,"column":7},"end":{"line":56,"column":19}},{"start":{"line":57,"column":8},"end":{"line":64,"column":25}}],"line":56}},"s":{"0":1,"1":1,"2":1,"3":1,"4":0,"5":0,"6":0,"7":0,"8":0,"9":0,"10":0,"11":0,"12":0},"f":{"0":0,"1":0,"2":0,"3":0,"4":0},"b":{"0":[0,0]},"_coverageSchema":"1a1c01bbd47fc00a2c39e90264f33305004495a9","hash":"ccc34da21ea053aa965156caf1b5202b977ac204"}
,"C:\\Users\\Evgeniya_Marchenkova\\Desktop\\react-homework\\movies\\src\\components\\Header.tsx": {"path":"C:\\Users\\Evgeniya_Marchenkova\\Desktop\\react-homework\\movies\\src\\components\\Header.tsx","statementMap":{"0":{"start":{"line":12,"column":14},"end":{"line":17,"column":1}},"1":{"start":{"line":19,"column":23},"end":{"line":23,"column":1}},"2":{"start":{"line":25,"column":24},"end":{"line":60,"column":1}},"3":{"start":{"line":62,"column":15},"end":{"line":90,"column":1}},"4":{"start":{"line":67,"column":19},"end":{"line":67,"column":35}},"5":{"start":{"line":69,"column":2},"end":{"line":89,"column":4}},"6":{"start":{"line":73,"column":10},"end":{"line":73,"column":41}},"7":{"start":{"line":74,"column":10},"end":{"line":74,"column":40}},"8":{"start":{"line":82,"column":10},"end":{"line":82,"column":46}},"9":{"start":{"line":87,"column":29},"end":{"line":87,"column":52}}},"fnMap":{"0":{"name":"(anonymous_0)","decl":{"start":{"line":62,"column":15},"end":{"line":62,"column":16}},"loc":{"start":{"line":66,"column":18},"end":{"line":90,"column":1}},"line":66},"1":{"name":"(anonymous_1)","decl":{"start":{"line":72,"column":17},"end":{"line":72,"column":18}},"loc":{"start":{"line":72,"column":23},"end":{"line":75,"column":9}},"line":72},"2":{"name":"(anonymous_2)","decl":{"start":{"line":81,"column":18},"end":{"line":81,"column":19}},"loc":{"start":{"line":82,"column":10},"end":{"line":82,"column":46}},"line":82},"3":{"name":"(anonymous_3)","decl":{"start":{"line":87,"column":23},"end":{"line":87,"column":24}},"loc":{"start":{"line":87,"column":29},"end":{"line":87,"column":52}},"line":87}},"branchMap":{"0":{"loc":{"start":{"line":63,"column":2},"end":{"line":63,"column":17}},"type":"default-arg","locations":[{"start":{"line":63,"column":15},"end":{"line":63,"column":17}}],"line":63}},"s":{"0":1,"1":1,"2":1,"3":1,"4":4,"5":4,"6":0,"7":0,"8":0,"9":0},"f":{"0":4,"1":0,"2":0,"3":0},"b":{"0":[1]},"_coverageSchema":"1a1c01bbd47fc00a2c39e90264f33305004495a9","hash":"bf9572712d6dfb270b58ba99fe6a36565d87ea87"}
,"C:\\Users\\Evgeniya_Marchenkova\\Desktop\\react-homework\\movies\\src\\components\\MainContent.tsx": {"path":"C:\\Users\\Evgeniya_Marchenkova\\Desktop\\react-homework\\movies\\src\\components\\MainContent.tsx","statementMap":{"0":{"start":{"line":16,"column":20},"end":{"line":32,"column":1}},"1":{"start":{"line":17,"column":2},"end":{"line":31,"column":4}}},"fnMap":{"0":{"name":"(anonymous_0)","decl":{"start":{"line":16,"column":20},"end":{"line":16,"column":21}},"loc":{"start":{"line":16,"column":49},"end":{"line":32,"column":1}},"line":16}},"branchMap":{"0":{"loc":{"start":{"line":26,"column":16},"end":{"line":26,"column":34}},"type":"binary-expr","locations":[{"start":{"line":26,"column":16},"end":{"line":26,"column":28}},{"start":{"line":26,"column":32},"end":{"line":26,"column":34}}],"line":26}},"s":{"0":1,"1":0},"f":{"0":0},"b":{"0":[0,0]},"_coverageSchema":"1a1c01bbd47fc00a2c39e90264f33305004495a9","hash":"53a78cb6d2e94926fec9dda7505f8a266a0b7de1"}
,"C:\\Users\\Evgeniya_Marchenkova\\Desktop\\react-homework\\movies\\src\\components\\ModalWindowOpener.tsx": {"path":"C:\\Users\\Evgeniya_Marchenkova\\Desktop\\react-homework\\movies\\src\\components\\ModalWindowOpener.tsx","statementMap":{"0":{"start":{"line":19,"column":28},"end":{"line":29,"column":1}},"1":{"start":{"line":31,"column":28},"end":{"line":37,"column":1}},"2":{"start":{"line":39,"column":26},"end":{"line":82,"column":1}},"3":{"start":{"line":40,"column":29},"end":{"line":40,"column":53}},"4":{"start":{"line":41,"column":27},"end":{"line":41,"column":49}},"5":{"start":{"line":42,"column":26},"end":{"line":42,"column":47}},"6":{"start":{"line":44,"column":21},"end":{"line":47,"column":3}},"7":{"start":{"line":45,"column":4},"end":{"line":45,"column":19}},"8":{"start":{"line":46,"column":4},"end":{"line":46,"column":39}},"9":{"start":{"line":49,"column":24},"end":{"line":52,"column":3}},"10":{"start":{"line":50,"column":4},"end":{"line":50,"column":43}},"11":{"start":{"line":51,"column":4},"end":{"line":51,"column":39}},"12":{"start":{"line":54,"column":24},"end":{"line":57,"column":3}},"13":{"start":{"line":55,"column":4},"end":{"line":55,"column":32}},"14":{"start":{"line":56,"column":4},"end":{"line":56,"column":39}},"15":{"start":{"line":59,"column":18},"end":{"line":61,"column":3}},"16":{"start":{"line":60,"column":4},"end":{"line":60,"column":31}},"17":{"start":{"line":63,"column":25},"end":{"line":72,"column":3}},"18":{"start":{"line":64,"column":4},"end":{"line":71,"column":5}},"19":{"start":{"line":66,"column":8},"end":{"line":66,"column":58}},"20":{"start":{"line":68,"column":8},"end":{"line":68,"column":64}},"21":{"start":{"line":70,"column":8},"end":{"line":70,"column":61}},"22":{"start":{"line":74,"column":2},"end":{"line":81,"column":4}}},"fnMap":{"0":{"name":"(anonymous_0)","decl":{"start":{"line":39,"column":26},"end":{"line":39,"column":27}},"loc":{"start":{"line":39,"column":61},"end":{"line":82,"column":1}},"line":39},"1":{"name":"(anonymous_1)","decl":{"start":{"line":44,"column":21},"end":{"line":44,"column":22}},"loc":{"start":{"line":44,"column":66},"end":{"line":47,"column":3}},"line":44},"2":{"name":"(anonymous_2)","decl":{"start":{"line":49,"column":24},"end":{"line":49,"column":25}},"loc":{"start":{"line":49,"column":69},"end":{"line":52,"column":3}},"line":49},"3":{"name":"(anonymous_3)","decl":{"start":{"line":54,"column":24},"end":{"line":54,"column":25}},"loc":{"start":{"line":54,"column":52},"end":{"line":57,"column":3}},"line":54},"4":{"name":"(anonymous_4)","decl":{"start":{"line":59,"column":18},"end":{"line":59,"column":19}},"loc":{"start":{"line":59,"column":24},"end":{"line":61,"column":3}},"line":59},"5":{"name":"(anonymous_5)","decl":{"start":{"line":63,"column":25},"end":{"line":63,"column":26}},"loc":{"start":{"line":63,"column":31},"end":{"line":72,"column":3}},"line":63}},"branchMap":{"0":{"loc":{"start":{"line":64,"column":4},"end":{"line":71,"column":5}},"type":"switch","locations":[{"start":{"line":65,"column":6},"end":{"line":66,"column":58}},{"start":{"line":67,"column":6},"end":{"line":68,"column":64}},{"start":{"line":69,"column":6},"end":{"line":70,"column":61}}],"line":64}},"s":{"0":1,"1":1,"2":1,"3":0,"4":0,"5":0,"6":0,"7":0,"8":0,"9":0,"10":0,"11":0,"12":0,"13":0,"14":0,"15":0,"16":0,"17":0,"18":0,"19":0,"20":0,"21":0,"22":0},"f":{"0":0,"1":0,"2":0,"3":0,"4":0,"5":0},"b":{"0":[0,0,0]},"_coverageSchema":"1a1c01bbd47fc00a2c39e90264f33305004495a9","hash":"2ae508d9218f788dbe909c22387538d09eed0a55"}
,"C:\\Users\\Evgeniya_Marchenkova\\Desktop\\react-homework\\movies\\src\\components\\MovieCard.tsx": {"path":"C:\\Users\\Evgeniya_Marchenkova\\Desktop\\react-homework\\movies\\src\\components\\MovieCard.tsx","statementMap":{"0":{"start":{"line":14,"column":21},"end":{"line":21,"column":1}},"1":{"start":{"line":23,"column":18},"end":{"line":42,"column":1}},"2":{"start":{"line":24,"column":19},"end":{"line":24,"column":35}},"3":{"start":{"line":25,"column":22},"end":{"line":25,"column":67}},"4":{"start":{"line":25,"column":28},"end":{"line":25,"column":67}},"5":{"start":{"line":26,"column":2},"end":{"line":41,"column":4}},"6":{"start":{"line":29,"column":8},"end":{"line":29,"column":22}},"7":{"start":{"line":30,"column":8},"end":{"line":30,"column":45}},"8":{"start":{"line":37,"column":10},"end":{"line":37,"column":24}}},"fnMap":{"0":{"name":"(anonymous_0)","decl":{"start":{"line":23,"column":18},"end":{"line":23,"column":19}},"loc":{"start":{"line":23,"column":45},"end":{"line":42,"column":1}},"line":23},"1":{"name":"(anonymous_1)","decl":{"start":{"line":25,"column":22},"end":{"line":25,"column":23}},"loc":{"start":{"line":25,"column":28},"end":{"line":25,"column":67}},"line":25},"2":{"name":"(anonymous_2)","decl":{"start":{"line":28,"column":15},"end":{"line":28,"column":16}},"loc":{"start":{"line":28,"column":21},"end":{"line":31,"column":7}},"line":28},"3":{"name":"(anonymous_3)","decl":{"start":{"line":36,"column":21},"end":{"line":36,"column":22}},"loc":{"start":{"line":36,"column":27},"end":{"line":38,"column":9}},"line":36}},"branchMap":{},"s":{"0":1,"1":1,"2":0,"3":0,"4":0,"5":0,"6":0,"7":0,"8":0},"f":{"0":0,"1":0,"2":0,"3":0},"b":{},"_coverageSchema":"1a1c01bbd47fc00a2c39e90264f33305004495a9","hash":"d66ca397c7006bfb8f22e52109909d98698597c1"}
,"C:\\Users\\Evgeniya_Marchenkova\\Desktop\\react-homework\\movies\\src\\components\\MovieDetils.tsx": {"path":"C:\\Users\\Evgeniya_Marchenkova\\Desktop\\react-homework\\movies\\src\\components\\MovieDetils.tsx","statementMap":{"0":{"start":{"line":11,"column":28},"end":{"line":14,"column":1}},"1":{"start":{"line":16,"column":20},"end":{"line":19,"column":1}},"2":{"start":{"line":21,"column":27},"end":{"line":23,"column":1}},"3":{"start":{"line":25,"column":21},"end":{"line":35,"column":1}},"4":{"start":{"line":26,"column":2},"end":{"line":34,"column":4}}},"fnMap":{"0":{"name":"(anonymous_0)","decl":{"start":{"line":25,"column":21},"end":{"line":25,"column":22}},"loc":{"start":{"line":25,"column":51},"end":{"line":35,"column":1}},"line":25}},"branchMap":{},"s":{"0":1,"1":1,"2":1,"3":1,"4":0},"f":{"0":0},"b":{},"_coverageSchema":"1a1c01bbd47fc00a2c39e90264f33305004495a9","hash":"037e089f7d15e704fb7c59cce01317744fa873b9"}
,"C:\\Users\\Evgeniya_Marchenkova\\Desktop\\react-homework\\movies\\src\\components\\MoviesGrid.tsx": {"path":"C:\\Users\\Evgeniya_Marchenkova\\Desktop\\react-homework\\movies\\src\\components\\MoviesGrid.tsx","statementMap":{"0":{"start":{"line":7,"column":18},"end":{"line":11,"column":1}},"1":{"start":{"line":13,"column":19},"end":{"line":28,"column":1}},"2":{"start":{"line":14,"column":2},"end":{"line":27,"column":4}},"3":{"start":{"line":17,"column":8},"end":{"line":24,"column":10}}},"fnMap":{"0":{"name":"(anonymous_0)","decl":{"start":{"line":13,"column":19},"end":{"line":13,"column":20}},"loc":{"start":{"line":13,"column":48},"end":{"line":28,"column":1}},"line":13},"1":{"name":"(anonymous_1)","decl":{"start":{"line":16,"column":24},"end":{"line":16,"column":25}},"loc":{"start":{"line":16,"column":46},"end":{"line":25,"column":7}},"line":16}},"branchMap":{},"s":{"0":1,"1":1,"2":0,"3":0},"f":{"0":0,"1":0},"b":{},"_coverageSchema":"1a1c01bbd47fc00a2c39e90264f33305004495a9","hash":"04b2f198a6e41e0e9e4bb5c3e845a5f143689f1e"}
,"C:\\Users\\Evgeniya_Marchenkova\\Desktop\\react-homework\\movies\\src\\components\\NavBar.tsx": {"path":"C:\\Users\\Evgeniya_Marchenkova\\Desktop\\react-homework\\movies\\src\\components\\NavBar.tsx","statementMap":{"0":{"start":{"line":10,"column":16},"end":{"line":14,"column":1}},"1":{"start":{"line":16,"column":17},"end":{"line":24,"column":1}},"2":{"start":{"line":18,"column":23},"end":{"line":18,"column":56}},"3":{"start":{"line":33,"column":22},"end":{"line":43,"column":10}},"4":{"start":{"line":45,"column":15},"end":{"line":71,"column":1}},"5":{"start":{"line":46,"column":2},"end":{"line":70,"column":4}},"6":{"start":{"line":51,"column":25},"end":{"line":51,"column":56}},"7":{"start":{"line":56,"column":10},"end":{"line":62,"column":21}},"8":{"start":{"line":59,"column":27},"end":{"line":59,"column":61}}},"fnMap":{"0":{"name":"(anonymous_0)","decl":{"start":{"line":18,"column":11},"end":{"line":18,"column":12}},"loc":{"start":{"line":18,"column":23},"end":{"line":18,"column":56}},"line":18},"1":{"name":"(anonymous_1)","decl":{"start":{"line":45,"column":15},"end":{"line":45,"column":16}},"loc":{"start":{"line":45,"column":39},"end":{"line":71,"column":1}},"line":45},"2":{"name":"(anonymous_2)","decl":{"start":{"line":51,"column":19},"end":{"line":51,"column":20}},"loc":{"start":{"line":51,"column":25},"end":{"line":51,"column":56}},"line":51},"3":{"name":"(anonymous_3)","decl":{"start":{"line":55,"column":20},"end":{"line":55,"column":21}},"loc":{"start":{"line":56,"column":10},"end":{"line":62,"column":21}},"line":56},"4":{"name":"(anonymous_4)","decl":{"start":{"line":59,"column":21},"end":{"line":59,"column":22}},"loc":{"start":{"line":59,"column":27},"end":{"line":59,"column":61}},"line":59}},"branchMap":{"0":{"loc":{"start":{"line":18,"column":23},"end":{"line":18,"column":56}},"type":"cond-expr","locations":[{"start":{"line":18,"column":40},"end":{"line":18,"column":47}},{"start":{"line":18,"column":50},"end":{"line":18,"column":56}}],"line":18}},"s":{"0":1,"1":1,"2":0,"3":1,"4":1,"5":0,"6":0,"7":0,"8":0},"f":{"0":0,"1":0,"2":0,"3":0,"4":0},"b":{"0":[0,0]},"_coverageSchema":"1a1c01bbd47fc00a2c39e90264f33305004495a9","hash":"cde200c2eeea62c0cb5784b7cf204ef0410e8a5c"}
,"C:\\Users\\Evgeniya_Marchenkova\\Desktop\\react-homework\\movies\\src\\components\\Sorting.tsx": {"path":"C:\\Users\\Evgeniya_Marchenkova\\Desktop\\react-homework\\movies\\src\\components\\Sorting.tsx","statementMap":{"0":{"start":{"line":13,"column":17},"end":{"line":15,"column":1}},"1":{"start":{"line":14,"column":23},"end":{"line":14,"column":56}},"2":{"start":{"line":17,"column":25},"end":{"line":30,"column":10}},"3":{"start":{"line":32,"column":16},"end":{"line":36,"column":1}},"4":{"start":{"line":38,"column":16},"end":{"line":53,"column":1}},"5":{"start":{"line":39,"column":2},"end":{"line":52,"column":4}},"6":{"start":{"line":43,"column":8},"end":{"line":49,"column":19}},"7":{"start":{"line":46,"column":25},"end":{"line":46,"column":55}}},"fnMap":{"0":{"name":"(anonymous_0)","decl":{"start":{"line":14,"column":11},"end":{"line":14,"column":12}},"loc":{"start":{"line":14,"column":23},"end":{"line":14,"column":56}},"line":14},"1":{"name":"(anonymous_1)","decl":{"start":{"line":38,"column":16},"end":{"line":38,"column":17}},"loc":{"start":{"line":38,"column":41},"end":{"line":53,"column":1}},"line":38},"2":{"name":"(anonymous_2)","decl":{"start":{"line":42,"column":21},"end":{"line":42,"column":22}},"loc":{"start":{"line":43,"column":8},"end":{"line":49,"column":19}},"line":43},"3":{"name":"(anonymous_3)","decl":{"start":{"line":46,"column":19},"end":{"line":46,"column":20}},"loc":{"start":{"line":46,"column":25},"end":{"line":46,"column":55}},"line":46}},"branchMap":{"0":{"loc":{"start":{"line":14,"column":23},"end":{"line":14,"column":56}},"type":"cond-expr","locations":[{"start":{"line":14,"column":40},"end":{"line":14,"column":47}},{"start":{"line":14,"column":50},"end":{"line":14,"column":56}}],"line":14}},"s":{"0":1,"1":0,"2":1,"3":1,"4":1,"5":0,"6":0,"7":0},"f":{"0":0,"1":0,"2":0,"3":0},"b":{"0":[0,0]},"_coverageSchema":"1a1c01bbd47fc00a2c39e90264f33305004495a9","hash":"abaf6f7c4029d38fd3f46f4db8ddea512a358324"}
,"C:\\Users\\Evgeniya_Marchenkova\\Desktop\\react-homework\\movies\\src\\model\\Filter.ts": {"path":"C:\\Users\\Evgeniya_Marchenkova\\Desktop\\react-homework\\movies\\src\\model\\Filter.ts","statementMap":{},"fnMap":{},"branchMap":{},"s":{},"f":{},"b":{},"_coverageSchema":"1a1c01bbd47fc00a2c39e90264f33305004495a9","hash":"7037822d6257b2cd49a37571af3db75165d10d79"}
,"C:\\Users\\Evgeniya_Marchenkova\\Desktop\\react-homework\\movies\\src\\model\\genre.ts": {"path":"C:\\Users\\Evgeniya_Marchenkova\\Desktop\\react-homework\\movies\\src\\model\\genre.ts","statementMap":{},"fnMap":{},"branchMap":{},"s":{},"f":{},"b":{},"_coverageSchema":"1a1c01bbd47fc00a2c39e90264f33305004495a9","hash":"f0ebcb8c18f32593c5d0355b9ae81cf0a835f141"}
,"C:\\Users\\Evgeniya_Marchenkova\\Desktop\\react-homework\\movies\\src\\model\\index.ts": {"path":"C:\\Users\\Evgeniya_Marchenkova\\Desktop\\react-homework\\movies\\src\\model\\index.ts","statementMap":{},"fnMap":{},"branchMap":{},"s":{},"f":{},"b":{},"_coverageSchema":"1a1c01bbd47fc00a2c39e90264f33305004495a9","hash":"ce1878928d9aafe23ce7317538f07371e6899adc"}
,"C:\\Users\\Evgeniya_Marchenkova\\Desktop\\react-homework\\movies\\src\\model\\modal-window.ts": {"path":"C:\\Users\\Evgeniya_Marchenkova\\Desktop\\react-homework\\movies\\src\\model\\modal-window.ts","statementMap":{},"fnMap":{},"branchMap":{},"s":{},"f":{},"b":{},"_coverageSchema":"1a1c01bbd47fc00a2c39e90264f33305004495a9","hash":"36d08bc37da8d41e2d151524fae4265c858609d2"}
,"C:\\Users\\Evgeniya_Marchenkova\\Desktop\\react-homework\\movies\\src\\model\\movie-data.ts": {"path":"C:\\Users\\Evgeniya_Marchenkova\\Desktop\\react-homework\\movies\\src\\model\\movie-data.ts","statementMap":{},"fnMap":{},"branchMap":{},"s":{},"f":{},"b":{},"_coverageSchema":"1a1c01bbd47fc00a2c39e90264f33305004495a9","hash":"add68c32b2c16e435d8818ab52527fbe91295d53"}
,"C:\\Users\\Evgeniya_Marchenkova\\Desktop\\react-homework\\movies\\src\\model\\search-by.ts": {"path":"C:\\Users\\Evgeniya_Marchenkova\\Desktop\\react-homework\\movies\\src\\model\\search-by.ts","statementMap":{},"fnMap":{},"branchMap":{},"s":{},"f":{},"b":{},"_coverageSchema":"1a1c01bbd47fc00a2c39e90264f33305004495a9","hash":"4b60e6107ee976aea27060767512ecbcf4db940d"}
,"C:\\Users\\Evgeniya_Marchenkova\\Desktop\\react-homework\\movies\\src\\model\\sort-order.ts": {"path":"C:\\Users\\Evgeniya_Marchenkova\\Desktop\\react-homework\\movies\\src\\model\\sort-order.ts","statementMap":{},"fnMap":{},"branchMap":{},"s":{},"f":{},"b":{},"_coverageSchema":"1a1c01bbd47fc00a2c39e90264f33305004495a9","hash":"c1c6363189125f674bbeedc8a60997040977f62f"}
,"C:\\Users\\Evgeniya_Marchenkova\\Desktop\\react-homework\\movies\\src\\query\\movies.ts": {"path":"C:\\Users\\Evgeniya_Marchenkova\\Desktop\\react-homework\\movies\\src\\query\\movies.ts","statementMap":{"0":{"start":{"line":5,"column":25},"end":{"line":50,"column":2}},"1":{"start":{"line":10,"column":32},"end":{"line":49,"column":3}},"2":{"start":{"line":13,"column":8},"end":{"line":16,"column":10}},"3":{"start":{"line":21,"column":8},"end":{"line":23,"column":9}},"4":{"start":{"line":22,"column":10},"end":{"line":22,"column":17}},"5":{"start":{"line":24,"column":8},"end":{"line":26,"column":10}},"6":{"start":{"line":30,"column":36},"end":{"line":34,"column":7}},"7":{"start":{"line":37,"column":35},"end":{"line":41,"column":7}},"8":{"start":{"line":44,"column":30},"end":{"line":47,"column":7}},"9":{"start":{"line":58,"column":4},"end":{"line":58,"column":13}}},"fnMap":{"0":{"name":"(anonymous_0)","decl":{"start":{"line":10,"column":13},"end":{"line":10,"column":14}},"loc":{"start":{"line":10,"column":32},"end":{"line":49,"column":3}},"line":10},"1":{"name":"(anonymous_1)","decl":{"start":{"line":12,"column":13},"end":{"line":12,"column":14}},"loc":{"start":{"line":12,"column":42},"end":{"line":17,"column":7}},"line":12},"2":{"name":"(anonymous_2)","decl":{"start":{"line":20,"column":13},"end":{"line":20,"column":14}},"loc":{"start":{"line":20,"column":29},"end":{"line":27,"column":7}},"line":20},"3":{"name":"(anonymous_3)","decl":{"start":{"line":30,"column":13},"end":{"line":30,"column":14}},"loc":{"start":{"line":30,"column":36},"end":{"line":34,"column":7}},"line":30},"4":{"name":"(anonymous_4)","decl":{"start":{"line":37,"column":13},"end":{"line":37,"column":14}},"loc":{"start":{"line":37,"column":35},"end":{"line":41,"column":7}},"line":37},"5":{"name":"(anonymous_5)","decl":{"start":{"line":44,"column":13},"end":{"line":44,"column":14}},"loc":{"start":{"line":44,"column":30},"end":{"line":47,"column":7}},"line":44}},"branchMap":{"0":{"loc":{"start":{"line":21,"column":8},"end":{"line":23,"column":9}},"type":"if","locations":[{"start":{"line":21,"column":8},"end":{"line":23,"column":9}},{"start":{},"end":{}}],"line":21}},"s":{"0":1,"1":1,"2":1,"3":1,"4":1,"5":0,"6":0,"7":0,"8":0,"9":1},"f":{"0":1,"1":1,"2":1,"3":0,"4":0,"5":0},"b":{"0":[1,0]},"_coverageSchema":"1a1c01bbd47fc00a2c39e90264f33305004495a9","hash":"7db01e6ed9af6305a9d95a1604abb52e636930c2"}
,"C:\\Users\\Evgeniya_Marchenkova\\Desktop\\react-homework\\movies\\src\\store\\filterSlice.ts": {"path":"C:\\Users\\Evgeniya_Marchenkova\\Desktop\\react-homework\\movies\\src\\store\\filterSlice.ts","statementMap":{"0":{"start":{"line":11,"column":34},"end":{"line":14,"column":1}},"1":{"start":{"line":16,"column":27},"end":{"line":27,"column":2}},"2":{"start":{"line":21,"column":6},"end":{"line":21,"column":36}},"3":{"start":{"line":24,"column":6},"end":{"line":24,"column":38}},"4":{"start":{"line":29,"column":42},"end":{"line":29,"column":61}},"5":{"start":{"line":31,"column":28},"end":{"line":31,"column":69}},"6":{"start":{"line":31,"column":50},"end":{"line":31,"column":69}},"7":{"start":{"line":32,"column":30},"end":{"line":32,"column":73}},"8":{"start":{"line":32,"column":52},"end":{"line":32,"column":73}}},"fnMap":{"0":{"name":"(anonymous_0)","decl":{"start":{"line":20,"column":15},"end":{"line":20,"column":16}},"loc":{"start":{"line":20,"column":70},"end":{"line":22,"column":5}},"line":20},"1":{"name":"(anonymous_1)","decl":{"start":{"line":23,"column":17},"end":{"line":23,"column":18}},"loc":{"start":{"line":23,"column":74},"end":{"line":25,"column":5}},"line":23},"2":{"name":"(anonymous_2)","decl":{"start":{"line":31,"column":28},"end":{"line":31,"column":29}},"loc":{"start":{"line":31,"column":50},"end":{"line":31,"column":69}},"line":31},"3":{"name":"(anonymous_3)","decl":{"start":{"line":32,"column":30},"end":{"line":32,"column":31}},"loc":{"start":{"line":32,"column":52},"end":{"line":32,"column":73}},"line":32}},"branchMap":{},"s":{"0":1,"1":1,"2":0,"3":0,"4":1,"5":1,"6":0,"7":1,"8":0},"f":{"0":0,"1":0,"2":0,"3":0},"b":{},"_coverageSchema":"1a1c01bbd47fc00a2c39e90264f33305004495a9","hash":"cfb414cfba93b9940c508ea6e25d3b2692e453a7"}
,"C:\\Users\\Evgeniya_Marchenkova\\Desktop\\react-homework\\movies\\src\\store\\hooks.ts": {"path":"C:\\Users\\Evgeniya_Marchenkova\\Desktop\\react-homework\\movies\\src\\store\\hooks.ts","statementMap":{"0":{"start":{"line":4,"column":49},"end":{"line":4,"column":60}},"1":{"start":{"line":5,"column":63},"end":{"line":5,"column":74}}},"fnMap":{},"branchMap":{},"s":{"0":1,"1":1},"f":{},"b":{},"_coverageSchema":"1a1c01bbd47fc00a2c39e90264f33305004495a9","hash":"e6d251c9d4c7aafe34c0d199e237065503a6aad9"}
,"C:\\Users\\Evgeniya_Marchenkova\\Desktop\\react-homework\\movies\\src\\store\\moviesSlice.ts": {"path":"C:\\Users\\Evgeniya_Marchenkova\\Desktop\\react-homework\\movies\\src\\store\\moviesSlice.ts","statementMap":{"0":{"start":{"line":10,"column":34},"end":{"line":12,"column":1}},"1":{"start":{"line":14,"column":27},"end":{"line":28,"column":2}},"2":{"start":{"line":22,"column":6},"end":{"line":22,"column":43}},"3":{"start":{"line":25,"column":6},"end":{"line":25,"column":33}},"4":{"start":{"line":30,"column":56},"end":{"line":30,"column":75}},"5":{"start":{"line":32,"column":35},"end":{"line":33,"column":28}},"6":{"start":{"line":33,"column":2},"end":{"line":33,"column":28}}},"fnMap":{"0":{"name":"(anonymous_0)","decl":{"start":{"line":18,"column":22},"end":{"line":18,"column":23}},"loc":{"start":{"line":21,"column":9},"end":{"line":23,"column":5}},"line":21},"1":{"name":"(anonymous_1)","decl":{"start":{"line":24,"column":24},"end":{"line":24,"column":25}},"loc":{"start":{"line":24,"column":48},"end":{"line":26,"column":5}},"line":24},"2":{"name":"(anonymous_2)","decl":{"start":{"line":32,"column":35},"end":{"line":32,"column":36}},"loc":{"start":{"line":33,"column":2},"end":{"line":33,"column":28}},"line":33}},"branchMap":{},"s":{"0":2,"1":2,"2":1,"3":0,"4":2,"5":2,"6":11},"f":{"0":1,"1":0,"2":11},"b":{},"_coverageSchema":"1a1c01bbd47fc00a2c39e90264f33305004495a9","hash":"f75e77f00dd33d818687bac5dd6c2c9889d6af21"}
,"C:\\Users\\Evgeniya_Marchenkova\\Desktop\\react-homework\\movies\\src\\store\\store.ts": {"path":"C:\\Users\\Evgeniya_Marchenkova\\Desktop\\react-homework\\movies\\src\\store\\store.ts","statementMap":{"0":{"start":{"line":6,"column":21},"end":{"line":14,"column":2}},"1":{"start":{"line":13,"column":4},"end":{"line":13,"column":55}}},"fnMap":{"0":{"name":"(anonymous_0)","decl":{"start":{"line":12,"column":14},"end":{"line":12,"column":15}},"loc":{"start":{"line":13,"column":4},"end":{"line":13,"column":55}},"line":13}},"branchMap":{},"s":{"0":1,"1":1},"f":{"0":1},"b":{},"_coverageSchema":"1a1c01bbd47fc00a2c39e90264f33305004495a9","hash":"50d8de5eae912a98361a8ae62ff0adb550955575"}
}
